 Start of ingest: Thu Sep 06 15:30:20 CEST 2018
9/6/18 3:30 PM. Object o:depcha.wheaton.002 based on file C:\Users\pollin\Documents\GitHub\DEPCHA\Data_Curation\Wheaton\edited\002_003.xml has been refreshed. 
9/6/18 3:30 PM. Object o:depcha.wheaton.100 based on file C:\Users\pollin\Documents\GitHub\DEPCHA\Data_Curation\Wheaton\edited\LMWbdk_100_Contextuals.xml has been refreshed. 
9/6/18 3:30 PM. Object o:depcha.wheaton.101 based on file C:\Users\pollin\Documents\GitHub\DEPCHA\Data_Curation\Wheaton\edited\LMWbdk_101_Contextuals.xml has been refreshed. 
9/6/18 3:30 PM. Object o:depcha.wheaton.105 based on file C:\Users\pollin\Documents\GitHub\DEPCHA\Data_Curation\Wheaton\edited\LMWbdk_105_Contextuals.xml has been refreshed. 
9/6/18 3:30 PM. Object o:depcha.wheaton.106 based on file C:\Users\pollin\Documents\GitHub\DEPCHA\Data_Curation\Wheaton\edited\LMWbdk_106_Contextuals.xml has been refreshed. 
9/6/18 3:30 PM. Object o:depcha.wheaton.107 based on file C:\Users\pollin\Documents\GitHub\DEPCHA\Data_Curation\Wheaton\edited\LMWbdk_107_Contextuals.xml has been refreshed. 
9/6/18 3:30 PM. Object o:depcha.wheaton.108 based on file C:\Users\pollin\Documents\GitHub\DEPCHA\Data_Curation\Wheaton\edited\LMWbdk_108109_Contextuals.xml has been refreshed. Thu Sep 06 15:30:41 CEST 2018 -----------------------
<?xml version="1.0" encoding="UTF-8"?>
<TEI xmlns="http://www.tei-c.org/ns/1.0">
   <teiHeader>
      <fileDesc>
         <titleStmt>
            <title>LMW Day Book, pp. 100-149</title>
            <author ana="#bk_from" ref="#pers_MightyWheatonHimself">L.M. Wheaton</author>
         </titleStmt>
         <publicationStmt><publisher>Zentrum für Informationsmodellierung - Universität Graz</publisher><idno type="PID">o:depcha.wheaton.110</idno></publicationStmt>
         <sourceDesc><list><item><ref target="info:fedora/context:depcha.wheaton" type="context">Wheaton Financial Papers</ref></item></list>
            <biblFull>
               <titleStmt>
                  <title>Account Books, pp.100-149</title>
                  <author>L.M. Wheaton</author>
                  <respStmt>
                     <resp> TEI-compatible XML markup by <name type="person">Sahilia Ramirez</name>
                        with corrections by <name type="person">Name</name>, <name type="person">Name</name>, and <name type="person">Name</name>.</resp>
                     <name type="person">Name</name>
                  </respStmt>
               </titleStmt>
               <publicationStmt>
                  <p>Transcribed by Sahilia Ramirez summer 2016, Wheaton College</p>
               </publicationStmt>
               <sourceDesc>
                  <p> From the Marion B. Gebbie Archives and Special Collections at the Madeleine
                     Clark Wallace Library, Wheaton College </p>
               </sourceDesc>
            </biblFull>
         </sourceDesc>
      </fileDesc>
   </teiHeader>
   <text>
      <body>
         <pb n="110" />
         <fw type="pageNum">110</fw>
         <table xml:id="p110" cols="6">
            <head>Saturday<date when="1832-11-24">November 24th 1832</date></head>
            <row xml:id="p110_01">
               <cell>394</cell>
               <cell><name type="person" ref="pers_WCDH565" ana="#bk_to">John Smith</name>
                  <choice rend="align(right)">
                     <abbr>D</abbr>
                     <expan>Debtor</expan>
                  </choice></cell>
               <cell />
               <cell />
               <cell />
               <cell />
            </row>
            <row xml:id="Transaction-0" ana="#bk_entry">
               <cell />
               <cell>To chaise to Taunton 8 mls. 6d</cell>
               <cell />
               <cell><measure commodity="currency" quantity="67" unit="cents" ana="#bk_money #bk_to">67</measure></cell>
               <cell />
               <cell />
            </row>
            <row xml:id="Transaction-1" ana="#bk_entry">
               <cell />
               <cell>" Paying hodges for ham 1/6</cell>
               <cell />
               <cell><measure commodity="currency" quantity="25" unit="cents" ana="#bk_money #bk_to">25</measure></cell>
               <cell />
               <cell><measure commodity="currency" quantity="92" unit="cents" ana="#bk_money #bk_to">92</measure></cell>
            </row>
            <row xml:id="p110_04">
               <cell />
               <cell />
               <cell />
               <cell />
               <cell />
               <cell />
            </row>
            <row xml:id="p110_05">
               <cell />
               <cell><date when="1832-12-01" ana="#bk_when">Dec. 1st 1832</date></cell>
               <cell />
               <cell />
               <cell />
               <cell />
            </row>
        
            <row xml:id="p110_06">
               <cell>393</cell>
               <cell>
                  <name type="person" ref="pers_WCDH118" ana="#bk_to">Wheaton Wheeler</name>
                  <choice rend="align(right)">
                     <abbr>Cr</abbr>
                     <expan>credit</expan>
                  </choice>
               </cell>
               <cell />
               <cell />
               <cell />
               <cell />
            </row>
            <row xml:id="Transaction-2" ana="#bk_entry">
               <cell />
               <cell>By two days work this week 2/6</cell>
               <cell />
               <cell><measure commodity="currency" quantity="84" unit="cents" ana="#bk_money #bk_to">84</measure></cell>
               <cell />
               <cell />
            </row>
            <row xml:id="p110_08">
               <cell />
               <cell><date when="1832-12-03" ana="#bk_when">3</date></cell>
               <cell />
               <cell />
               <cell />
               <cell />
            </row>
            <row xml:id="p110_09">
               <cell>393</cell>
               <cell><name type="person" ref="pers_WCDH118" ana="#bk_to">Wheaton Wheeler</name>
                  <choice rend="align(right)">
                     <abbr>D</abbr>
                     <expan>Debtor</expan>
                  </choice></cell>
               <cell />
               <cell />
               <cell />
               <cell />
            </row>
            <row xml:id="Transaction-3" ana="#bk_entry">
               <cell />
               <cell>To <measure commodity="corn" quantity="1" unit="peck">1 peek corn</measure> 1 Rye $108 buck</cell>
               <cell />
               <cell><measure commodity="currency" quantity="56" unit="cents" ana="#bk_money #bk_to">56</measure></cell>
               <cell />
               <cell />
            </row>
            <row xml:id="p110_11">
               <cell />
               <cell />
               <cell />
               <cell />
               <cell />
               <cell />
            </row>
            <row xml:id="p110_12">
               <cell>chd. on other page</cell>
               <cell><name type="person" ref="pers_WCDH524" ana="#bk_to">Pliney Puffer</name>
                  <choice rend="align(right)">
                     <abbr>D</abbr>
                     <expan>Debtor</expan>
                  </choice></cell>
               <cell />
               <cell />
               <cell />
               <cell />
            </row>
            <row xml:id="Transaction-4" ana="#bk_entry">
               <cell />
               <cell>To rent up to <date when="1832-04-01" ana="#bk_when">April 1st 1832</date></cell>
               <cell><measure commodity="currency" quantity="35" unit="dollars" ana="#bk_money #bk_to">$35</measure></cell>
               <cell />
               <cell />
               <cell />
            </row>
            <row xml:id="p110_14">
               <cell />
               <cell><date when="1832-12-04" ana="#bk_when">4</date></cell>
               <cell />
               <cell />
               <cell />
               <cell />
            </row>
            <row xml:id="p110_15">
               <cell>396</cell>
               <cell><name type="person" ref="pers_WCDH484" ana="#bk_to">Samuel Morey</name>
                  <choice rend="align(right)">
                     <abbr>D</abbr>
                     <expan>Debtor</expan>
                  </choice></cell>
               <cell />
               <cell />
               <cell />
               <cell />
            </row>
            <row xml:id="Transaction-5" ana="#bk_entry">
               <cell />
               <cell>To cash lent 30/</cell>
               <cell><measure commodity="currency" quantity="5" unit="dollars" ana="#bk_money #bk_to">5</measure></cell>
               <cell />
               <cell />
               <cell />
            </row>
            <row xml:id="p110_17">
               <cell />
               <cell><date when="1832-12-05" ana="#bk_when">5</date></cell>
               <cell />
               <cell />
               <cell />
               <cell />
            </row>
            <row xml:id="p110_18">
               <cell><span ana="#bk_transactionStatus">Settled</span></cell>
               <cell><name type="person" ref="pers_WCDH700" ana="#bk_to">Samuel Wrigley</name>
                  <choice rend="align(right)">
                     <abbr>D</abbr>
                     <expan>Debtor</expan>
                  </choice></cell>
               <cell />
               <cell />
               <cell />
               <cell />
            </row>
            <row xml:id="Transaction-6" ana="#bk_entry">
               <cell />
               <cell>To <measure commodity="lumber" quantity="28" unit="feet" ana="#bk_commodity #bk_from">28ft pine boards</measure> 1 1/2 cts pr ft.</cell>
               <cell />
               <cell><measure commodity="currency" quantity="42" unit="cents" ana="#bk_money #bk_to">42</measure></cell>
               <cell />
               <cell />
            </row>
            <row xml:id="p110_20">
               <cell />
               <cell><date when="1832-12-11" ana="#bk_when">11</date></cell>
               <cell />
               <cell />
               <cell />
               <cell />
            </row>
            <row xml:id="p110_21">
               <cell>394</cell>
               <cell><name type="person" ref="pers_WCDH565" ana="#bk_to">John Smith</name>
                  <choice rend="align(right)">
                     <abbr>Cr</abbr>
                     <expan>credit</expan>
                  </choice></cell>
               <cell />
               <cell />
               <cell />
               <cell />
            </row>
            <row xml:id="Transaction-7" ana="#bk_entry">
               <cell />
               <cell>By <measure commodity="beef" quantity="106" unit="pounds">106lbs beef</measure> 4x</cell>
               <cell><measure commodity="currency" quantity="4" unit="dollars" ana="#bk_money #bk_to">4</measure></cell>
               <cell><measure commodity="currency" quantity="24" unit="cents" ana="#bk_money #bk_to">24</measure></cell>
               <cell />
               <cell />
            </row>
            <row xml:id="Transaction-8" ana="#bk_entry">
               <cell />
               <cell>" <measure commodity="hide" quantity="68" unit="pounds">hide 68 lbs</measure> -5 1/4x</cell>
               <cell><measure commodity="currency" quantity="3" unit="dollars" ana="#bk_money #bk_to">3</measure></cell>
               <cell><measure commodity="currency" quantity="74" unit="cents" ana="#bk_money #bk_to">74</measure></cell>
               <cell><measure commodity="currency" quantity="7" unit="dollars" ana="#bk_money #bk_to">7</measure></cell>
               <cell><measure commodity="currency" quantity="98" unit="dollars" ana="#bk_money #bk_to">98</measure></cell>
            </row>
            <row xml:id="p110_24">
               <cell />
               <cell />
               <cell />
               <cell />
               <cell />
               <cell />
            </row>
            <row xml:id="p110_25">
               <cell>113</cell>
               <cell><name type="person" ref="pers_WCDH572" ana="#bk_to">Seth Smith</name>
                  <choice rend="align(right)">
                     <abbr>Cr</abbr>
                     <expan>credit</expan>
                  </choice></cell>
               <cell />
               <cell />
               <cell />
               <cell />
            </row>
            <row xml:id="p110_26">
               <cell />
               <cell>By helping kill hogs</cell>
               <cell />
               <cell />
               <cell />
               <cell />
            </row>
            <row xml:id="p110_27">
               <cell />
               <cell />
               <cell />
               <cell />
               <cell />
               <cell />
            </row>
            <row xml:id="p110_28">
               <cell>152</cell>
               <cell><name type="person" ref="pers_WCDH402" ana="#bk_to">Phillip B. King</name>
                  <choice rend="align(right)">
                     <abbr>Cr</abbr>
                     <expan>credit</expan>
                  </choice></cell>
               <cell />
               <cell />
               <cell />
               <cell />
            </row>
            <row xml:id="p110_29">
               <cell />
               <cell>By helping kill hogs geese x two days</cell>
               <cell />
               <cell />
               <cell />
               <cell />
            </row>
            <row xml:id="p110_30">
               <cell />
               <cell><date when="1832-12-14" ana="#bk_when">14</date></cell>
               <cell />
               <cell />
               <cell />
               <cell />
            </row>
            <row xml:id="p110_31">
               <cell>396</cell>
               <cell><name type="person" ref="pers_WCDH484" ana="#bk_to">Samuel Morey</name>
                  <choice rend="align(right)">
                     <abbr>Dr</abbr>
                     <expan>Debtor</expan>
                  </choice></cell>
               <cell />
               <cell />
               <cell />
               <cell />
            </row>
            <row xml:id="Transaction-9" ana="#bk_entry">
               <cell />
               <cell>To <measure commodity="wood" quantity="6" unit="feet" ana="#bk_commodity #bk_from">6ft. benches wood</measure> $4.00</cell>
               <cell><measure commodity="currency" quantity="3" unit="dollars" ana="#bk_money #bk_to">3</measure></cell>
               <cell><measure commodity="currency" quantity="13" unit="cents" ana="#bk_money #bk_to">13</measure></cell>
               <cell />
               <cell />
            </row>
            <row xml:id="p110_33">
               <cell />
               <cell><date when="1832-12-15" ana="#bk_when">15</date></cell>
               <cell />
               <cell />
               <cell />
               <cell />
            </row>
            <row xml:id="p110_34">
               <cell>393</cell>
               <cell><name type="person" ref="pers_WCDH118" ana="#bk_to">Wheaton Wheeler</name>
                  <choice rend="align(right)">
                     <abbr>Dr</abbr>
                     <expan>Debtor</expan>
                  </choice></cell>
               <cell />
               <cell />
               <cell />
               <cell />
            </row>
            <row xml:id="Transaction-10" ana="#bk_entry">
               <cell />
               <cell>To <measure commodity="beef" quantity="8.75" unit="pounds">8lbs 3/4 salt beef</measure> 6x</cell>
               <cell />
               <cell><measure commodity="currency" quantity="52" unit="cents" ana="#bk_money #bk_to">52</measure></cell>
               <cell />
               <cell />
            </row>
            <row xml:id="p110_36">
               <cell />
               <cell><choice rend="align(right)">
                     <abbr>Cr</abbr>
                     <expan>credit</expan>
                  </choice></cell>
               <cell />
               <cell />
               <cell />
               <cell />
            </row>
            <row xml:id="Transaction-11" ana="#bk_entry">
               <cell>393</cell>
               <cell>By two days work 2/6</cell>
               <cell />
               <cell><measure commodity="currency" quantity="84" unit="cents" ana="#bk_money #bk_to">84</measure></cell>
               <cell />
               <cell />
            </row>
            <row xml:id="p110_38">
               <cell />
               <cell />
               <cell />
               <cell />
               <cell />
               <cell />
            </row>
            <row xml:id="p110_39">
               <cell>394</cell>
               <cell><name type="person" ref="pers_WCDH565" ana="#bk_to">John Smith</name>
                  <choice rend="align(right)">
                     <abbr>Cr</abbr>
                     <expan>credit</expan>
                  </choice></cell><cell />
               <cell />
               <cell />
               <cell />
            </row>
            <row xml:id="Transaction-12" ana="#bk_entry">
               <cell />
               <cell>By beef dlvd Wrigley</cell>
               <cell><measure commodity="currency" quantity="3" unit="dollars" ana="#bk_money #bk_to">3</measure></cell>
               <cell><measure commodity="currency" quantity="44" unit="cents" ana="#bk_money #bk_to">44</measure></cell>
               <cell />
               <cell />
            </row>
            <row xml:id="p110_41">
               <cell />
               <cell />
               <cell />
               <cell />
               <cell />
               <cell />
            </row>
            <row xml:id="p110_42">
               <cell><span ana="#bk_transactionStatus">Settled</span></cell>
               <cell><name type="person" ref="pers_WCDH700" ana="#bk_to">Samuel Wrigley</name>
                  <choice rend="align(right)">
                     <abbr>D</abbr>
                     <expan>Debtor</expan>
                  </choice></cell>
               <cell />
               <cell />
               <cell />
               <cell />
            </row>
            <row xml:id="Transaction-13" ana="#bk_entry">
               <cell />
               <cell>To cash lent</cell>
               <cell><measure commodity="currency" quantity="3" unit="dollars" ana="#bk_money #bk_to">3</measure></cell>
               <cell />
               <cell />
               <cell />
            </row>
            <row xml:id="p110_44">
               <cell />
               <cell><date when="1832-12-17" ana="#bk_when">17</date></cell>
               <cell />
               <cell />
               <cell />
               <cell />
            </row>
            <row xml:id="p110_45">
               <cell>394</cell>
               <cell><name type="person" ref="pers_WCDH565" ana="#bk_to">John Smith</name>
                  <choice rend="align(right)">
                     <abbr>D</abbr>
                     <expan>Debtor</expan>
                  </choice></cell>
               <cell />
               <cell />
               <cell />
               <cell />
            </row>
            <row xml:id="Transaction-14" ana="#bk_entry">
               <cell />
               <cell>To chaise to Taunton 6</cell>
               <cell />
               <cell><measure commodity="currency" quantity="67" unit="cents" ana="#bk_money #bk_to">67</measure></cell>
               <cell />
               <cell />
            </row>
            <row xml:id="p110_47">
               <cell />
               <cell><date when="1832-12-18" ana="#bk_when">18</date></cell>
               <cell />
               <cell />
               <cell />
               <cell />
            </row>
            <row xml:id="p110_48">
               <cell>89</cell>
               <cell><name type="person" ref="pers_WCDH409" ana="#bk_to">William Knowles</name>
                  <choice rend="align(right)">
                     <abbr>Dr</abbr>
                     <expan>Debtor</expan>
                  </choice></cell>
               <cell />
               <cell />
               <cell />
               <cell />
            </row>
            <row xml:id="Transaction-15" ana="#bk_entry">
               <cell />
               <cell>To <measure commodity="beef" quantity="99" unit="pounds">ninety nine lbs Beef</measure> $5.00</cell>
               <cell><measure commodity="currency" quantity="4" unit="dollars" ana="#bk_money #bk_to">4</measure></cell>
               <cell><measure commodity="currency" quantity="95" unit="cents" ana="#bk_money #bk_to">95</measure></cell>
               <cell />
               <cell />
            </row>
            <row xml:id="p110_50">
               <cell />
               <cell><date when="1832-12-20" ana="#bk_when">20</date></cell>
               <cell />
               <cell />
               <cell />
               <cell />
            </row>
            <row xml:id="p110_51">
               <cell>396</cell>
               <cell><name type="person" ref="pers_WCDH484" ana="#bk_to">Samuel Morey</name>
                  <choice rend="align(right)">
                     <abbr>D</abbr>
                     <expan>Debtor</expan>
                  </choice></cell>
               <cell />
               <cell />
               <cell />
               <cell />
            </row>
            <row xml:id="Transaction-16" ana="#bk_entry">
               <cell />
               <cell>To cash lent ten dollars</cell>
               <cell><measure commodity="currency" quantity="10" unit="dollars" ana="#bk_money #bk_to">10</measure></cell>
               <cell />
               <cell />
               <cell />
            </row>
            <row xml:id="">
               <cell />
               <cell />
               <cell />
               <cell />
               <cell />
               <cell />
            </row>
            <row xml:id="p110_53">
               <cell>393</cell>
               <cell><name type="person" ref="pers_WCDH118" ana="#bk_to">Wheaton wheeler</name>
                  <choice rend="align(right)">
                     <abbr>Dr</abbr>
                     <expan>Debtor</expan>
                  </choice></cell>
               <cell />
               <cell />
               <cell />
               <cell />
            </row>
            <row xml:id="Transaction-17" ana="#bk_entry">
               <cell />
               <cell>To <measure commodity="grain" quantity="0.5" unit="bushels" ana="#bk_commodity #bk_from">1/2 Bush grain</measure> 6/9</cell>
               <cell />
               <cell><measure commodity="currency" quantity="56" unit="cents" ana="#bk_money #bk_to">56</measure></cell>
               <cell />
               <cell />
            </row>
            <row xml:id="Transaction-18" ana="#bk_entry">
               <cell>393</cell>
               <cell>By 2 1/2 days work this week 2/6</cell>
               <cell />
               <cell><measure commodity="currency" quantity="84" unit="cents" ana="#bk_money #bk_to">84</measure></cell>
               <cell />
               <cell />
            </row>
            <row xml:id="p110_56">
               <cell />
               <cell><date when="1832-12-24" ana="#bk_when">24</date></cell>
               <cell />
               <cell />
               <cell />
               <cell />
            </row>
            <row xml:id="p110_57">
               <cell>393</cell>
               <cell><name type="person" ref="pers_WCDH118" ana="#bk_to">Wheaton Wheeler</name>
                  <choice rend="align(right)">
                     <abbr>D</abbr>
                     <expan>Debtor</expan>
                  </choice></cell>
               <cell />
               <cell />
               <cell />
               <cell />
            </row>
            <row xml:id="Transaction-19" ana="#bk_entry">
               <cell />
               <cell>To <measure commodity="beef" quantity="11.5" unit="pounds">11 1/2 lbs Beef</measure> 6x</cell>
               <cell />
               <cell><measure commodity="currency" quantity="69" unit="cents" ana="#bk_money #bk_to">69</measure></cell>
               <cell />
               <cell />
            </row>
            <row xml:id="p110_59">
               <cell />
               <cell><date when="1832-12-27" ana="#bk_when">27</date></cell>
               <cell />
               <cell />
               <cell />
               <cell />
            </row>
            <row xml:id="p110_60">
               <cell />
               <cell><choice rend="align(right)">
                     <abbr>Cr</abbr>
                     <expan>credit</expan>
                  </choice></cell>
               <cell />
               <cell />
               <cell />
               <cell />
            </row>
            <row xml:id="Transaction-20" ana="#bk_entry">
               <cell>393</cell>
               <cell>By two days work 2/6</cell>
               <cell />
               <cell><measure commodity="currency" quantity="84" unit="cents" ana="#bk_money #bk_to">84</measure></cell>
               <cell />
               <cell />
            </row>
            <row xml:id="p110_62">
               <cell />
               <cell />
               <cell />
               <cell />
               <cell />
               <cell />
            </row>
            <row xml:id="p110_63">
               <cell>96</cell>
               <cell><name type="person" ref="pers_WCDH302" ana="#bk_to">Phillis Frazier</name>
                  <choice rend="align(right)">
                     <abbr>D</abbr>
                     <expan>Debtor</expan>
                  </choice></cell>
               <cell />
               <cell />
               <cell />
               <cell />
            </row>
            <row xml:id="Transaction-21" ana="#bk_entry">
               <cell />
               <cell>To 1 pair cotton hose 3/</cell>
               <cell />
               <cell><measure commodity="currency" quantity="50" unit="cents" ana="#bk_money #bk_to">50</measure></cell>
               <cell />
               <cell />
            </row>
            
         </table>
         <pb n="111" />
         <fw type="pageNum">111</fw>
         <table xml:id="p111" cols="6">
            <head>Friday <date when="1832-12-28">December 28th 1832</date></head>
            <row xml:id="p111_01">
               <cell /><cell />
               <cell>$</cell>
               <cell>cts.</cell>
               <cell>$</cell>
               <cell>cts.</cell>
        
            </row>
            <row xml:id="p111_02">
               <cell>395</cell>
               <cell><name type="person" ref="pers_WCDH621" ana="#bk_to">Thompson Tripp</name><choice rend="align(right)">
                     <abbr>D</abbr>
                     <expan>Debtor</expan>
                  </choice></cell>
               <cell />
               <cell />
               <cell />
               <cell />
            </row>
            <row xml:id="Transaction-22" ana="#bk_entry">
               <cell />
               <cell>To cash 6/</cell>
               <cell><measure commodity="currency" quantity="1" unit="dollars" ana="#bk_money #bk_to">1</measure></cell>
               <cell />
               <cell />
               <cell />
            </row>
            <row xml:id="p111_04">
               <cell />
               <cell />
               <cell />
               <cell />
               <cell />
               <cell />
            </row>
           
            <row xml:id="p111_05">
               <cell><span ana="#bk_transactionStatus">Settled</span></cell>
               <cell><name type="person" ref="pers_CP_125" ana="#bk_to">Stage Company</name>
                  <choice rend="align(right)">
                     <abbr>D</abbr>
                     <expan>Debtor</expan>
                  </choice></cell>
               <cell />
               <cell />
               <cell />
               <cell />
            </row>
            <row xml:id="Transaction-23" ana="#bk_entry">
               <cell />
               <cell>To cash paid Packand 24/</cell>
               <cell><measure commodity="currency" quantity="4" unit="dollars" ana="#bk_money #bk_to">4</measure></cell>
               <cell />
               <cell />
               <cell />
            </row>
            <row xml:id="p111_07">
               <cell />
               <cell><date when="1833-01-07" ana="#bk_when">January 7th 1833</date></cell>
               <cell />
               <cell />
               <cell />
               <cell />
            </row>
            <row xml:id="p111_08">
               <cell />
               <cell />
               <cell />
               <cell />
               <cell />
               <cell />
            </row>
        
     
            <row xml:id="p111_09">
               <cell>395</cell>
               <cell>
                  <name type="person" ref="pers_WCDH621" ana="#bk_to">Thompson Tripp</name>
                  <choice rend="align(right)">
                     <abbr>D</abbr>
                     <expan>Debtor</expan>
                  </choice>
               </cell>
               <cell />
               <cell />
               <cell />
               <cell />
            </row>
            <row xml:id="Transaction-24" ana="#bk_entry">
               <cell />
               <cell>To umbrella 9/</cell>
               <cell><measure commodity="currency" quantity="1" unit="dollars" ana="#bk_money #bk_to">1</measure></cell>
               <cell><measure commodity="currency" quantity="50" unit="cents" ana="#bk_money #bk_to">50</measure></cell>
               <cell />
               <cell />
            </row>
            <row xml:id="">
               <cell />
               <cell />
               <cell />
               <cell />
               <cell />
               <cell />
            </row>
            <row xml:id="p111_11">
               <cell>393</cell>
               <cell>
                  <name type="person" ref="pers_WCDH118" ana="#bk_to"> Wheaton Wheeler</name>
                  <choice rend="align(right)">
                     <abbr>D</abbr>
                     <expan>Debtor</expan>
                  </choice></cell>
               <cell />
               <cell />
               <cell />
               <cell />
            </row>
            <row xml:id="Transaction-25" ana="#bk_entry">
               <cell />
               <cell>To <measure commodity="corn" quantity="1" unit="peck">1 peck corn</measure> 6/9</cell>
               <cell />
               <cell><measure commodity="currency" quantity="28" unit="cents" ana="#bk_money #bk_to">28</measure></cell>
               <cell />
               <cell />
            </row>
            <row xml:id="p111_13">
               <cell />
               <cell><choice rend="align(right)">
                     <abbr>Cr</abbr>
                     <expan>credit</expan>
                  </choice></cell>
               <cell />
               <cell />
               <cell />
               <cell />
            </row>
            <row xml:id="Transaction-26" ana="#bk_entry">
               <cell>393</cell>
               <cell>By two days work 2/6</cell>
               <cell />
               <cell><measure commodity="currency" quantity="84" unit="cents" ana="#bk_money #bk_to">84</measure></cell>
               <cell />
               <cell />
            </row>
            <row xml:id="p111_15">
               <cell />
               <cell><date when="1832-01-12" ana="#bk_when">12.</date></cell>
               <cell />
               <cell />
               <cell />
               <cell />
            </row>
            <row xml:id="p111_16">
               <cell>152</cell>
               <cell>
                  <name type="person" ref="pers_WCDH402" ana="#bk_to">Phillip B. King</name>
                  <choice rend="align(right)">
                     <abbr>D</abbr>
                     <expan>Debtor</expan>
                  </choice></cell>
               <cell />
               <cell />
               <cell />
               <cell />
            </row>
            <row xml:id="Transaction-27" ana="#bk_entry">
               <cell />
               <cell>To <measure commodity="tallow" quantity="101" unit="pounds">10lbs tallow</measure> 11x</cell>
               <cell><measure commodity="currency" quantity="1" unit="dollars" ana="#bk_money #bk_to">1</measure></cell>
               <cell><measure commodity="currency" quantity="10" unit="cents" ana="#bk_money #bk_to">10</measure></cell>
               <cell />
               <cell />
            </row>
            <row xml:id="p111_18">
               <cell />
               <cell />
               <cell />
               <cell />
               <cell />
               <cell />
            </row>
            <row xml:id="p111_19">
               <cell>393</cell>
               <cell>
                  <name type="person" ref="pers_WCDH118" ana="#bk_to">Wheaton Wheeler</name>
                  <choice rend="align(right)">
                     <abbr>Cr</abbr>
                     <expan>credit</expan>
                  </choice></cell>
               <cell />
               <cell />
               <cell />
               <cell />
            </row>
            <row xml:id="Transaction-28" ana="#bk_entry">
               <cell />
               <cell>By 1 days work</cell>
               <cell />
               <cell><measure commodity="currency" quantity="42" unit="cents" ana="#bk_money #bk_to">42</measure></cell>
               <cell />
               <cell />
            </row>
            <row xml:id="p111_21">
               <cell />
               <cell><choice rend="align(right)">
                     <abbr>D</abbr>
                     <expan>Debtor</expan>
                  </choice></cell>
               <cell />
               <cell />
               <cell />
               <cell />
            </row>
            <row xml:id="Transaction-29" ana="#bk_entry">
               <cell>393</cell>
               <cell>To use of my cow to <date when="1833-04-01" ana="#bk_when">April 1st 1833</date></cell>
               <cell><measure commodity="currency" quantity="6" unit="dollars" ana="#bk_money #bk_to">6</measure></cell>
               <cell />
               <cell />
               <cell />
            </row>
            <row xml:id="p111_23">
               <cell />
               <cell><date when="1833-01-18" ana="#bk_when">18</date></cell>
               <cell />
               <cell />
               <cell />
               <cell />
            </row>
            <row xml:id="p111_24">
               <cell>395</cell>
               <cell>
                  <name type="person" ref="pers_WCDH621" ana="#bk_to">Thompson Tripp</name>
                  <choice rend="align(right)">
                     <abbr>D</abbr>
                     <expan>Debtor</expan>
                  </choice></cell>
               <cell />
               <cell />
               <cell />
               <cell />
            </row>
            <row xml:id="Transaction-30" ana="#bk_entry">
               <cell />
               <cell>To cash 9/</cell>
               <cell><measure commodity="currency" quantity="1" unit="dollars" ana="#bk_money #bk_to">1</measure></cell>
               <cell><measure commodity="currency" quantity="50" unit="cents" ana="#bk_money #bk_to">50</measure></cell>
               <cell />
               <cell />
            </row>
            <row xml:id="p111_26">
               <cell />
               <cell><date when="1833-01-25" ana="#bk_when">25</date></cell>
               <cell />
               <cell />
               <cell />
               <cell />
            </row>
            <row xml:id="p111_27">
               <cell>393</cell>
               <cell>
                  <name type="person" ref="pers_WCDH118" ana="#bk_to">Wheaton Wheeler</name>
                  <choice rend="align(right)">
                     <abbr>Cr</abbr>
                     <expan>credit</expan>
                  </choice></cell>
               <cell />
               <cell />
               <cell />
               <cell />
            </row>
            <row xml:id="Transaction-31" ana="#bk_entry">
               <cell />
               <cell>By three days work this week </cell>
               <cell><measure commodity="currency" quantity="1" unit="dollars" ana="#bk_money #bk_to">1</measure></cell>
               <cell><measure commodity="currency" quantity="26" unit="cents" ana="#bk_money #bk_to">26</measure></cell>
               <cell />
               <cell />
            </row>
            <row xml:id="p111_29">
               <cell />
               <cell><choice rend="align(right)">
                     <abbr>D</abbr>
                     <expan>Debtor</expan>
                  </choice></cell>
               <cell />
               <cell />
               <cell />
               <cell />
            </row>
            <row xml:id="Transaction-32" ana="#bk_entry">
               <cell />
               <cell>To <measure commodity="grain" quantity="0.5" unit="bushels" ana="#bk_commodity #bk_from">1/2 Bush Grain</measure> 6/9</cell>
               <cell />
               <cell><measure commodity="currency" quantity="56" unit="cents" ana="#bk_money #bk_to">56</measure></cell>
               <cell />
               <cell />
            </row>
            <row xml:id="p111_31">
               <cell />
               <cell />
               <cell />
               <cell />
               <cell />
               <cell />
            </row>
            <row xml:id="p111_32">
               <cell>389</cell>
               <cell>
                  <name type="person" ref="pers_WCDH230" ana="#bk_to">Oliver Clapp</name>
                  <choice rend="align(right)">
                     <abbr>D</abbr>
                     <expan>Debtor</expan>
                  </choice></cell>
               <cell />
               <cell />
               <cell />
               <cell />
            </row>
            <row xml:id="Transaction-33" ana="#bk_entry">
               <cell />
               <cell>To cash pay son, for E Wood 60/</cell>
               <cell><measure commodity="currency" quantity="10" unit="dollars" ana="#bk_money #bk_to">10</measure></cell>
               <cell />
               <cell />
               <cell />
            </row>
            <row xml:id="p111_34">
               <cell />
               <cell />
               <cell />
               <cell />
               <cell />
               <cell />
            </row>
            <row xml:id="p111_35">
               <cell><span ana="#bk_transactionStatus">Settled</span></cell>
               <cell> <name type="person" ref="pers_CP_126" ana="#bk_to">Samuel Knapp</name>
                  <choice rend="align(right)">
                     <abbr>DR</abbr>
                     <expan>Debtor</expan>
                  </choice></cell>
               <cell />
               <cell />
               <cell />
               <cell />
            </row>
            <row xml:id="p111_36">
               <cell />
               <cell>By two days work with oxen drawing logs</cell>
               <cell />
               <cell />
               <cell />
               <cell />
            </row>
            <row xml:id="p111_37">
               <cell />
               <cell><date when="1833-01-29" ana="#bk_when">29</date></cell>
               <cell />
               <cell />
               <cell />
               <cell />
            </row>
            <row xml:id="p111_38">
               <cell>396</cell>
               <cell>
                  <name type="person" ref="pers_WCDH484" ana="#bk_to">Samuel Morey</name>
                  <choice rend="align(right)">
                     <abbr>Cr</abbr>
                     <expan>credit</expan>
                  </choice></cell>
               <cell />
               <cell />
               <cell />
               <cell />
            </row>
            <row xml:id="Transaction-34" ana="#bk_entry">
               <cell />
               <cell>To <measure commodity="wood" quantity="8.5" unit="feet" ana="#bk_commodity #bk_from">8 1/2ft. wood</measure></cell>
               <cell><measure commodity="currency" quantity="4" unit="dollars" ana="#bk_money #bk_to">4</measure></cell>
               <cell><measure commodity="currency" quantity="52" unit="cents" ana="#bk_money #bk_to">52</measure></cell>
               <cell />
               <cell />
            </row>
            <row xml:id="p111_40">
               <cell />
               <cell><date when="1833-02-01" ana="#bk_when">Feby 1d 1833.</date></cell>
               <cell />
               <cell />
               <cell />
               <cell />
            </row>
            
            <row xml:id="p111_41">
               <cell>395</cell>
               <cell><name type="person" ref="pers_WCDH621" ana="#bk_to">Thompson Tripp</name>
                  <choice rend="align(right)">
                     <abbr>D</abbr>
                     <expan>Debtor</expan>
                  </choice></cell>
               <cell />
               <cell />
               <cell />
               <cell />
            </row>
            <row xml:id="Transaction-35" ana="#bk_entry">
               <cell />
               <cell>To paying J. W. Crusman <measure commodity="currency" quantity="15" unit="dollars" ana="#bk_money #bk_to">fifteen Doll.</measure> <measure commodity="currency" quantity="84" unit="cents" ana="#bk_money #bk_to">eighty four cts</measure> </cell>
               <cell><measure commodity="currency" quantity="15" unit="dollars" ana="#bk_money #bk_to">15</measure></cell>
               <cell><measure commodity="currency" quantity="84" unit="cents" ana="#bk_money #bk_to">84</measure></cell>
               <cell />
               <cell />
            </row>
            <row xml:id="p111_43">
               <cell />
               <cell />
               <cell />
               <cell />
               <cell />
               <cell />
            </row>
            <row xml:id="p111_44">
               <cell>393</cell>
               <cell><name type="person" ref="pers_WCDH118" ana="#bk_to">Wheaton Wheeler</name>
                  <choice rend="align(right)">
                     <abbr>Cr</abbr>
                     <expan>credit</expan>
                  </choice></cell>
               <cell />
               <cell />
               <cell />
               <cell />
            </row>
            <row xml:id="Transaction-36" ana="#bk_entry">
               <cell />
               <cell>By 1 1/2 days work this week 2/6</cell><cell />
               <cell><measure commodity="currency" quantity="63" unit="cents" ana="#bk_money #bk_to">63</measure></cell>
               <cell />
               <cell />
            </row>
            <row xml:id="p111_46">
               <cell />
               <cell><choice rend="align(right)">
                     <abbr>D</abbr>
                     <expan>Debtor</expan>
                  </choice></cell>
               <cell />
               <cell />
               <cell />
               <cell />
            </row>
            <row xml:id="Transaction-37" ana="#bk_entry">
               <cell />
               <cell>To <measure commodity="beef" quantity="9" unit="pounds">9 lbs beef</measure> 10x</cell>
               <cell />
               <cell><measure commodity="currency" quantity="90" unit="cents" ana="#bk_money #bk_to">90</measure></cell>
               <cell />
               <cell />
            </row>
            <row xml:id="p111_48">
               <cell />
               <cell />
               <cell />
               <cell />
               <cell />
               <cell />
            </row>
            <row xml:id="p111_49">
               <cell><span ana="#bk_transactionStatus">Settled</span></cell>
               <cell><name type="person" ref="pers_CP_126" ana="#bk_to">Samuel Knapp</name><choice rend="align(right)">
                     <abbr>Cr</abbr>
                     <expan>credit</expan>
                  </choice></cell>
               <cell />
               <cell />
               <cell />
               <cell />
            </row>
            <row xml:id="p111_50">
               <cell />
               <cell>By 1 days work with oxen logs</cell>
               <cell />
               <cell />
               <cell />
               <cell />
            </row>
            <row xml:id="p111_51">
               <cell />
               <cell><date when="1833-02-09" ana="#bk_when">9</date></cell>
               <cell />
               <cell />
               <cell />
               <cell />
            </row>
            <row xml:id="p111_52">
               <cell>393</cell>
               <cell><name type="person" ref="pers_WCDH118" ana="#bk_to">Wheaton Wheeler</name>
                  <choice rend="align(right)">
                     <abbr>Cr</abbr>
                     <expan>credit</expan>
                  </choice></cell>
               <cell />
               <cell />
               <cell />
               <cell />
            </row>
            <row xml:id="Transaction-38" ana="#bk_entry">
               <cell />
               <cell>By 3 1/2 days work this week</cell>
               <cell><measure commodity="currency" quantity="1" unit="dollars" ana="#bk_money #bk_to">1</measure></cell>
               <cell><measure commodity="currency" quantity="47" unit="cents" ana="#bk_money #bk_to">47</measure></cell>
               <cell />
               <cell />
            </row>
            <row xml:id="p111_54">
               <cell />
               <cell />
               <cell />
               <cell />
               <cell />
               <cell />
            </row>
            <row xml:id="p111_55">
               <cell>392</cell>
               <cell><name type="person" ref="pers_WCDH359" ana="#bk_to">Hiram Hodges</name>
                  <choice rend="align(right)">
                     <abbr>DR</abbr>
                     <expan>Debtor</expan>
                  </choice></cell>
               <cell />
               <cell />
               <cell />
               <cell />
            </row>
            <row xml:id="Transaction-39" ana="#bk_entry">
               <cell />
               <cell>To <measure commodity="butter" quantity="15" unit="pounds">15lbs butter</measure> <measure commodity="butter" quantity="19.5" unit="ounces">19 1/2 ounces</measure></cell>
               <cell><measure commodity="currency" quantity="2" unit="dollars" ana="#bk_money #bk_to">2</measure></cell>
               <cell><measure commodity="currency" quantity="93" unit="cents" ana="#bk_money #bk_to">93</measure></cell>
               <cell />
               <cell />
            </row>
            <row xml:id="p111_57">
               <cell />
               <cell><date when="1833-02-11" ana="#bk_when">11.</date></cell>
               <cell />
               <cell />
               <cell />
               <cell />
            </row>
            <row xml:id="p111_58">
               <cell>393</cell>
               <cell><name type="person" ref="pers_WCDH118" ana="#bk_to">Wheaton Wheeler</name>
                  <choice rend="align(right)">
                     <abbr>DR</abbr>
                     <expan>Debtor</expan>
                  </choice></cell>
               <cell />
               <cell />
               <cell />
               <cell />
            </row>
            <row xml:id="Transaction-40" ana="#bk_entry">
               <cell />
               <cell> To <measure commodity="grain" quantity="0.5" unit="bushels" ana="#bk_commodity #bk_from">1/2 Bush grain</measure> 6/9</cell>
               <cell />
               <cell><measure commodity="currency" quantity="50" unit="cents" ana="#bk_money #bk_to">50</measure></cell>
               <cell />
               <cell />
            </row>
            <row xml:id="p111_60">
               <cell />
               <cell><date when="1833-02-12" ana="#bk_when">12</date></cell>
               <cell />
               <cell />
               <cell />
               <cell />
            </row>
            <row xml:id="p111_61">
               <cell><span ana="#bk_transactionStatus">Settled</span></cell>
               <cell><name type="person" ref="pers_WCDH574" ana="#bk_to">Timothy Smith</name>
                  <choice rend="align(right)">
                     <abbr>DR</abbr>
                     <expan>Debtor</expan>
                  </choice></cell>
               <cell />
               <cell />
               <cell />
               <cell />
            </row>
            <row xml:id="Transaction-41" ana="#bk_entry">
               <cell />
               <cell>To <measure commodity="turkey" quantity="15" unit="pounds">15lbs turkey</measure> 10</cell>
               <cell><measure commodity="currency" quantity="1" unit="dollars" ana="#bk_money #bk_to">1</measure></cell>
               <cell><measure commodity="currency" quantity="50" unit="cents" ana="#bk_money #bk_to">50</measure></cell>
               <cell />
               <cell />
            </row>
            <row xml:id="p111_63">
               <cell />
               <cell />
               <cell />
               <cell />
               <cell />
               <cell />
            </row>
            <row xml:id="p111_64">
               <cell />
               <cell />
               <cell />
               <cell />
               <cell />
               <cell />
            </row>
         </table>
      </body>
   </text>
</TEI>
-----------------------

Thu Sep 06 15:30:41 CEST 2018 Exception in startElement: cvc-datatype-valid.1.2.1: '' is not a valid value for 'NCName'.

9/6/18 3:30 PM. File C:\Users\pollin\Documents\GitHub\DEPCHA\Data_Curation\Wheaton\edited\LMWbdk_110111_Contextuals.xml does not contain valid TEI-markup. 
9/6/18 3:30 PM. Object o:depcha.wheaton.205 based on file C:\Users\pollin\Documents\GitHub\DEPCHA\Data_Curation\Wheaton\edited\LMWbdk_205206_contextual.xml has been refreshed. 
9/6/18 3:30 PM. Object o:depcha.wheaton.215 based on file C:\Users\pollin\Documents\GitHub\DEPCHA\Data_Curation\Wheaton\edited\LMWbdk_215216_Table.xml has been refreshed. 
9/6/18 3:30 PM. Object o:depcha.wheaton.221 based on file C:\Users\pollin\Documents\GitHub\DEPCHA\Data_Curation\Wheaton\edited\LMWbdk_221222_contextual.xml has been refreshed. 
9/6/18 3:30 PM. Object o:depcha.wheaton.223 based on file C:\Users\pollin\Documents\GitHub\DEPCHA\Data_Curation\Wheaton\edited\LMWbdk_223224_Contextuals.xml has been refreshed. 
9/6/18 3:30 PM. Object o:depcha.wheaton.225 based on file C:\Users\pollin\Documents\GitHub\DEPCHA\Data_Curation\Wheaton\edited\LMWbdk_225226_Contextuals.xml has been refreshed. 
9/6/18 3:30 PM. Object o:depcha.wheaton.228 based on file C:\Users\pollin\Documents\GitHub\DEPCHA\Data_Curation\Wheaton\edited\LMWbdk_227228_Contextuals.xml has been refreshed. 
9/6/18 3:31 PM. Object o:depcha.wheaton.229 based on file C:\Users\pollin\Documents\GitHub\DEPCHA\Data_Curation\Wheaton\edited\LMWbdk_229230_Contextuals.xml has been refreshed. 
9/6/18 3:31 PM. Object o:depcha.wheaton.231 based on file C:\Users\pollin\Documents\GitHub\DEPCHA\Data_Curation\Wheaton\edited\LMWbdk_231232_Contextuals.xml has been refreshed. 
9/6/18 3:31 PM. Object o:depcha.wheaton.233 based on file C:\Users\pollin\Documents\GitHub\DEPCHA\Data_Curation\Wheaton\edited\LMWbdk_233234_Contextuals.xml has been refreshed. 
9/6/18 3:31 PM. Object o:depcha.wheaton.160 based on file C:\Users\pollin\Documents\GitHub\DEPCHA\Data_Curation\Wheaton\edited\LMWdbk_160161_Elements.xml has been refreshed. 
9/6/18 3:31 PM. Object o:depcha.wheaton.162 based on file C:\Users\pollin\Documents\GitHub\DEPCHA\Data_Curation\Wheaton\edited\LMWdbk_162163_Elements.xml has been refreshed. 
9/6/18 3:31 PM. Object o:depcha.wheaton.166 based on file C:\Users\pollin\Documents\GitHub\DEPCHA\Data_Curation\Wheaton\edited\LMWdbk_166167_Elements.xml has been refreshed. 
9/6/18 3:31 PM. Object o:depcha.wheaton.168 based on file C:\Users\pollin\Documents\GitHub\DEPCHA\Data_Curation\Wheaton\edited\LMWdbk_168169_Elements.xml has been refreshed. 
9/6/18 3:31 PM. Object o:depcha.wheaton.171 based on file C:\Users\pollin\Documents\GitHub\DEPCHA\Data_Curation\Wheaton\edited\LMWdbk_171172_Elements.xml has been refreshed. 
9/6/18 3:31 PM. Object o:depcha.wheaton.173 based on file C:\Users\pollin\Documents\GitHub\DEPCHA\Data_Curation\Wheaton\edited\LMWdbk_173174_Elements.xml has been refreshed. 
9/6/18 3:31 PM. Object o:depcha.wheaton.175 based on file C:\Users\pollin\Documents\GitHub\DEPCHA\Data_Curation\Wheaton\edited\LMWdbk_175176_Elements.xml has been refreshed. 
9/6/18 3:31 PM. Object o:depcha.wheaton.177 based on file C:\Users\pollin\Documents\GitHub\DEPCHA\Data_Curation\Wheaton\edited\LMWdbk_177178_Elements.xml has been refreshed. 
9/6/18 3:31 PM. Object o:depcha.wheaton.179 based on file C:\Users\pollin\Documents\GitHub\DEPCHA\Data_Curation\Wheaton\edited\LMWdbk_179180_Elements.xml has been refreshed. 
9/6/18 3:31 PM. Object o:depcha.wheaton.181 based on file C:\Users\pollin\Documents\GitHub\DEPCHA\Data_Curation\Wheaton\edited\LMWdbk_181182_Elements.xml has been refreshed. 
9/6/18 3:31 PM. Object o:depcha.wheaton.183 based on file C:\Users\pollin\Documents\GitHub\DEPCHA\Data_Curation\Wheaton\edited\LMWdbk_183184_Elements.xml has been refreshed. 
9/6/18 3:31 PM. Object o:depcha.wheaton.185 based on file C:\Users\pollin\Documents\GitHub\DEPCHA\Data_Curation\Wheaton\edited\LMWdbk_185186_Elements.xml has been refreshed. 
9/6/18 3:31 PM. Object o:depcha.wheaton.187 based on file C:\Users\pollin\Documents\GitHub\DEPCHA\Data_Curation\Wheaton\edited\LMWdbk_187188_Elements.xml has been refreshed. 
9/6/18 3:31 PM. Object o:depcha.wheaton.189 based on file C:\Users\pollin\Documents\GitHub\DEPCHA\Data_Curation\Wheaton\edited\LMWdbk_189190_Elements.xml has been refreshed. 
9/6/18 3:31 PM. Object o:depcha.wheaton.191 based on file C:\Users\pollin\Documents\GitHub\DEPCHA\Data_Curation\Wheaton\edited\LMWdbk_191192_Elements.xml has been refreshed. 
9/6/18 3:31 PM. Object o:depcha.wheaton.197 based on file C:\Users\pollin\Documents\GitHub\DEPCHA\Data_Curation\Wheaton\edited\LMWdbk_197198_Contextual.xml has been refreshed. 
9/6/18 3:31 PM. Object o:depcha.wheaton.199 based on file C:\Users\pollin\Documents\GitHub\DEPCHA\Data_Curation\Wheaton\edited\LMWdbk_199200_Contextual.xml has been refreshed. 
9/6/18 3:32 PM. Object o:depcha.wheaton.207 based on file C:\Users\pollin\Documents\GitHub\DEPCHA\Data_Curation\Wheaton\edited\LMWdbk_207208_Contextual.xml has been refreshed. 
9/6/18 3:32 PM. Object o:depcha.wheaton.209 based on file C:\Users\pollin\Documents\GitHub\DEPCHA\Data_Curation\Wheaton\edited\LMWdbk_209210_Contextual.xml has been refreshed. 
9/6/18 3:32 PM. Object o:depcha.wheaton.211 based on file C:\Users\pollin\Documents\GitHub\DEPCHA\Data_Curation\Wheaton\edited\LMWdbk_211212_Contextuals.xml has been refreshed. 
9/6/18 3:32 PM. Object o:depcha.wheaton.213 based on file C:\Users\pollin\Documents\GitHub\DEPCHA\Data_Curation\Wheaton\edited\LMWdbk_213214_contextual.xml has been refreshed. 
9/6/18 3:32 PM. Object o:depcha.wheaton.217 based on file C:\Users\pollin\Documents\GitHub\DEPCHA\Data_Curation\Wheaton\edited\LMWdbk_217218_Contextual.xml has been refreshed. 
9/6/18 3:32 PM. Object o:depcha.wheaton.p000 based on file C:\Users\pollin\Documents\GitHub\DEPCHA\Data_Curation\Wheaton\edited\page 000-001.xml has been refreshed. 
9/6/18 3:32 PM. Object o:depcha.wheaton.p004 based on file C:\Users\pollin\Documents\GitHub\DEPCHA\Data_Curation\Wheaton\edited\page 004_005.xml has been refreshed. 
9/6/18 3:32 PM. Object o:depcha.wheaton.p006 based on file C:\Users\pollin\Documents\GitHub\DEPCHA\Data_Curation\Wheaton\edited\page 006_007.xml has been refreshed. 
9/6/18 3:32 PM. Object o:depcha.wheaton.p008 based on file C:\Users\pollin\Documents\GitHub\DEPCHA\Data_Curation\Wheaton\edited\page 008_009.xml has been refreshed. 
9/6/18 3:32 PM. Object o:depcha.wheaton.p010 based on file C:\Users\pollin\Documents\GitHub\DEPCHA\Data_Curation\Wheaton\edited\page 010_011.xml has been refreshed. 
 End of ingest: Thu Sep 06 15:32:32 CEST 2018. 0 object(s) ingested, 43 refreshed. 