 Start of ingest: Tue Jun 19 14:31:15 CEST 2018
6/19/18 2:31 PM. Object o:medea.wheaton.002 based on file Y:\data\projekte\medea\data\Wheaton\ingest\002_003.xml has been refreshed. 
6/19/18 2:31 PM. Object o:medea.wheaton.100 based on file Y:\data\projekte\medea\data\Wheaton\ingest\LMWbdk_100_Contextuals.xml has been refreshed. 
6/19/18 2:31 PM. Object o:medea.wheaton.101 based on file Y:\data\projekte\medea\data\Wheaton\ingest\LMWbdk_101_Contextuals.xml has been refreshed. 
6/19/18 2:31 PM. Object o:medea.wheaton.105 based on file Y:\data\projekte\medea\data\Wheaton\ingest\LMWbdk_105_Contextuals.xml has been refreshed. 
6/19/18 2:32 PM. Object o:medea.wheaton.106 based on file Y:\data\projekte\medea\data\Wheaton\ingest\LMWbdk_106_Contextuals.xml has been refreshed. 
6/19/18 2:32 PM. Object o:medea.wheaton.107 based on file Y:\data\projekte\medea\data\Wheaton\ingest\LMWbdk_107_Contextuals.xml has been refreshed. 
6/19/18 2:32 PM. Object o:medea.wheaton.108 based on file Y:\data\projekte\medea\data\Wheaton\ingest\LMWbdk_108109_Contextuals.xml has been refreshed. 
6/19/18 2:32 PM. Object o:medea.wheaton.110 based on file Y:\data\projekte\medea\data\Wheaton\ingest\LMWbdk_110111_Contextuals.xml has been refreshed. 
6/19/18 2:32 PM. Object o:medea.wheaton.205 based on file Y:\data\projekte\medea\data\Wheaton\ingest\LMWbdk_205206_contextual.xml has been refreshed. 
6/19/18 2:32 PM. Object o:medea.wheaton.215 based on file Y:\data\projekte\medea\data\Wheaton\ingest\LMWbdk_215216_Table.xml has been refreshed. 
6/19/18 2:33 PM. Object o:medea.wheaton.221 based on file Y:\data\projekte\medea\data\Wheaton\ingest\LMWbdk_221222_contextual.xml has been refreshed. 
6/19/18 2:33 PM. Object o:medea.wheaton.223 based on file Y:\data\projekte\medea\data\Wheaton\ingest\LMWbdk_223224_Contextuals.xml has been refreshed. 
6/19/18 2:33 PM. Object o:medea.wheaton.225 based on file Y:\data\projekte\medea\data\Wheaton\ingest\LMWbdk_225226_Contextuals.xml has been refreshed. 
6/19/18 2:33 PM. Object o:medea.wheaton.228 based on file Y:\data\projekte\medea\data\Wheaton\ingest\LMWbdk_227228_Contextuals.xml has been refreshed. 
6/19/18 2:33 PM. Object o:medea.wheaton.229 based on file Y:\data\projekte\medea\data\Wheaton\ingest\LMWbdk_229230_Contextuals.xml has been refreshed. 
6/19/18 2:33 PM. Object o:medea.wheaton.231 based on file Y:\data\projekte\medea\data\Wheaton\ingest\LMWbdk_231232_Contextuals.xml has been refreshed. 
6/19/18 2:33 PM. Object o:medea.wheaton.233 based on file Y:\data\projekte\medea\data\Wheaton\ingest\LMWbdk_233234_Contextuals.xml has been refreshed. 
6/19/18 2:34 PM. Object o:medea.wheaton.160 based on file Y:\data\projekte\medea\data\Wheaton\ingest\LMWdbk_160161_Elements.xml has been refreshed. 
6/19/18 2:34 PM. Object o:medea.wheaton.162 based on file Y:\data\projekte\medea\data\Wheaton\ingest\LMWdbk_162163_Elements.xml has been refreshed. 
6/19/18 2:34 PM. Object o:medea.wheaton.166 based on file Y:\data\projekte\medea\data\Wheaton\ingest\LMWdbk_166167_Elements.xml has been refreshed. 
6/19/18 2:34 PM. Object o:medea.wheaton.168 based on file Y:\data\projekte\medea\data\Wheaton\ingest\LMWdbk_168169_Elements.xml has been refreshed. 
6/19/18 2:34 PM. Object o:medea.wheaton.171 based on file Y:\data\projekte\medea\data\Wheaton\ingest\LMWdbk_171172_Elements.xml has been refreshed. 
6/19/18 2:34 PM. Object o:medea.wheaton.173 based on file Y:\data\projekte\medea\data\Wheaton\ingest\LMWdbk_173174_Elements.xml has been refreshed. 
6/19/18 2:34 PM. Object o:medea.wheaton.175 based on file Y:\data\projekte\medea\data\Wheaton\ingest\LMWdbk_175176_Elements.xml has been refreshed. 
6/19/18 2:35 PM. Object o:medea.wheaton.177 based on file Y:\data\projekte\medea\data\Wheaton\ingest\LMWdbk_177178_Elements.xml has been refreshed. 
6/19/18 2:35 PM. Object o:medea.wheaton.179 based on file Y:\data\projekte\medea\data\Wheaton\ingest\LMWdbk_179180_Elements.xml has been refreshed. 
6/19/18 2:35 PM. Object o:medea.wheaton.181 based on file Y:\data\projekte\medea\data\Wheaton\ingest\LMWdbk_181182_Elements.xml has been refreshed. 
6/19/18 2:35 PM. Object o:medea.wheaton.183 based on file Y:\data\projekte\medea\data\Wheaton\ingest\LMWdbk_183184_Elements.xml has been refreshed. 
6/19/18 2:35 PM. Object o:medea.wheaton.185 based on file Y:\data\projekte\medea\data\Wheaton\ingest\LMWdbk_185186_Elements.xml has been refreshed. 
6/19/18 2:35 PM. Object o:medea.wheaton.187 based on file Y:\data\projekte\medea\data\Wheaton\ingest\LMWdbk_187188_Elements.xml has been refreshed. 
6/19/18 2:36 PM. Object o:medea.wheaton.189 based on file Y:\data\projekte\medea\data\Wheaton\ingest\LMWdbk_189190_Elements.xml has been refreshed. 
6/19/18 2:36 PM. Object o:medea.wheaton.191 based on file Y:\data\projekte\medea\data\Wheaton\ingest\LMWdbk_191192_Elements.xml has been refreshed. 
6/19/18 2:36 PM. Object o:medea.wheaton.197 based on file Y:\data\projekte\medea\data\Wheaton\ingest\LMWdbk_197198_Contextual.xml has been refreshed. 
6/19/18 2:36 PM. Object o:medea.wheaton.199 based on file Y:\data\projekte\medea\data\Wheaton\ingest\LMWdbk_199200_Contextual.xml has been refreshed. 
6/19/18 2:36 PM. Object o:medea.wheaton.207 based on file Y:\data\projekte\medea\data\Wheaton\ingest\LMWdbk_207208_Contextual.xml has been refreshed. 
6/19/18 2:36 PM. Object o:medea.wheaton.209 based on file Y:\data\projekte\medea\data\Wheaton\ingest\LMWdbk_209210_Contextual.xml has been refreshed. 
6/19/18 2:37 PM. Object o:medea.wheaton.211 based on file Y:\data\projekte\medea\data\Wheaton\ingest\LMWdbk_211212_Contextuals.xml has been refreshed. 
6/19/18 2:37 PM. Object o:medea.wheaton.213 based on file Y:\data\projekte\medea\data\Wheaton\ingest\LMWdbk_213214_contextual.xml has been refreshed. 
6/19/18 2:37 PM. Object o:medea.wheaton.217 based on file Y:\data\projekte\medea\data\Wheaton\ingest\LMWdbk_217218_Contextual.xml has been refreshed. 
6/19/18 2:37 PM. Object o:medea.wheaton.000 based on file Y:\data\projekte\medea\data\Wheaton\ingest\page 000-001.xml has been refreshed. 
6/19/18 2:37 PM. Object o:medea.wheaton.002 based on file Y:\data\projekte\medea\data\Wheaton\ingest\page 004_005.xml has been refreshed. 
6/19/18 2:37 PM. Object o:medea.wheaton.002 based on file Y:\data\projekte\medea\data\Wheaton\ingest\page 006_007.xml has been refreshed. 
6/19/18 2:37 PM. Object o:medea.wheaton.002 based on file Y:\data\projekte\medea\data\Wheaton\ingest\page 008_009.xml has been refreshed. 
6/19/18 2:38 PM. Object o:medea.wheaton.002 based on file Y:\data\projekte\medea\data\Wheaton\ingest\page 010_011.xml has been refreshed. 
 End of ingest: Tue Jun 19 14:38:12 CEST 2018. 0 object(s) ingested, 44 refreshed. 